Wed Sep 27 01:57:16 JST 2023
-------- printing this script ----------------
#!/bin/bash
#PJM -L rscgrp=small
#PJM -L node=12:torus
#PJM -L elapse=0:10:00
#PJM -g ra000001
#PJM --mpi proc=48
#PJM -j
#PJM -S
#PJM --rsc-list "freq=2200,eco_state=2"

date
echo "-------- printing this script ----------------"
cat $0
echo "-------- printing this script, done. ---------"
echo
echo "-------- printing main.yaml ------------------"
cat main.yaml
echo "-------- printing main.yaml, done ------------"
echo
echo "---------printing HMC_DWF_Nf2p1_eo.yaml ------"
cat HMC_DWF_Nf2p1_eo.yaml
echo "---------printing HMC_DWF_Nf2p1_eo.yaml ------"

module list

BIN=../fs_hmc_dwf/hmc_dwf_eo.elf
llio_transfer $BIN

export OMP_NUM_THREADS=12
export FLIB_BARRIER=HARD

mpiexec  $BIN

-------- printing this script, done. ---------

-------- printing main.yaml ------------------
# this is a sample parameter file

Main:
  ## lattice_size = [Lx, Ly, Lz, Lt]
  #lattice_size             : [32,32,16,24]
  lattice_size             : [32,16,16,24]
  #lattice_size             : [8,8,8,8]
  #grid_size                : [1,1,2,2]
  grid_size                : [2,2,4,3]
  number_of_thread         : 12
  device_number_offset     : 0
  number_of_color          : 3
  log_filename             : stdout
  ildg_log_filename        : stdout
  ## verbose_level = {Crucial,General,Detailed,Paranoiac}
  verbose_level            : General
-------- printing main.yaml, done ------------

---------printing HMC_DWF_Nf2p1_eo.yaml ------
# this is a sample parameter file

HMC_Domainwall:
  ## gauge_config_status = {Continue,Cold_start,Hot_start}
  gauge_config_status      : Continue
  ## gauge_config_type = {Text,Binary,Binary_Distributed,Binary_Parallel,Fortran_JLQCD,Fortran_ILDG,ILDG,ILDG_Parallel,None}
  gauge_config_type_input  : Text_4x4x4x8
  config_filename_input    : ../conf_04040408.txt
  gauge_config_type_output : Binary_Parallel
  config_filename_output   : ./conf_output.dat
  ## random_number_type = {Mseries,MT19937,SFMT} NB. SFMT is an extra library
  random_number_type       : Mseries_parallel
  seed_for_random_number   : 1234567UL
  trajectory_number        : 200000
  trajectory_number_step   : 1
  save_config_interval     : 1
  ## verbose_level = {Crucial,General,Detailed,Paranoiac}
  verbose_level            : General


HMC_General:
  trajectory_length : 0.1
  ## Metropolis_test = {true,false} or {yes,no}
#  Metropolis_test   : true
  Metropolis_test   : false
  ## verbose_level = {Crucial,General,Detailed,Paranoiac}
  verbose_level     : General

Action_G:
  ## action_type = {Action_G_Plaq,Action_G_Rectangle}
  action_type   :  Action_G_Rectangle
  beta          :  4.17
  c_plaq        :  1.66666666666666666666
  c_rect        : -0.08333333333333333333
  ## verbose_level = {Crucial,General,Detailed,Paranoiac}
  verbose_level : General

LinkSmearing:
  ## projection_type = {Maximum_SU_N,Stout_SU3}
  projection_type : Stout_SU3
  smear_type      : APE
  rho_uniform     : 0.1
  #smear_type      : HYP
  #alpha1          : 0.95
  #alpha2          : 0.76
  #alpha3          : 0.38
  number_of_smearing : 3
  force_smear        : yes
## verbose_level = {Crucial,General,Detailed,Paranoiac}
  verbose_level       : General

Fopr_Nf1:
  fermion_type            : Domainwall_5din_eo
  kernel_type             : Wilson
  ## gamma_matrix_type = {Chiral,Dirac}
  gamma_matrix_type       : Dirac
  quark_mass              : 0.02
  domain_wall_height      : 1.0
  extent_of_5th_dimension : 12
  boundary_condition      : [1,1,1,-1]
  coefficient_b           : 1.5
  coefficient_c           : 0.5
  ## verbose_level = {Crucial,General,Detailed,Paranoiac}
  verbose_level           : General

Fopr_Nf2:
  fermion_type            : Domainwall_5din_eo
  kernel_type             : Wilson
  ## gamma_matrix_type = {Chiral,Dirac}
  gamma_matrix_type       : Dirac
  quark_mass              : 0.0005
  domain_wall_height      : 1.0
  extent_of_5th_dimension : 12
  boundary_condition      : [1,1,1,-1]
  coefficient_b           : 1.5
  coefficient_c           : 0.5
  ## verbose_level = {Crucial,General,Detailed,Paranoiac}
  verbose_level           : General

Fopr_Nf2_prec:
  fermion_type            : Domainwall_5din_eo
  kernel_type             : Wilson
  ## gamma_matrix_type = {Chiral,Dirac}
  gamma_matrix_type       : Dirac
  quark_mass              : 0.002
  domain_wall_height      : 1.0
  extent_of_5th_dimension : 12
  boundary_condition      : [1,1,1,-1]
  coefficient_b           : 1.5
  coefficient_c           : 0.5
  ## verbose_level = {Crucial,General,Detailed,Paranoiac}
  verbose_level           : General

Fopr_PauliVillars:
  fermion_type            : Domainwall_5din_eo
  kernel_type             : Wilson
  ## gamma_matrix_type = {Chiral,Dirac}
  gamma_matrix_type       : Dirac
  quark_mass              : 1.0
  domain_wall_height      : 1.0
  extent_of_5th_dimension : 12
  ## bondary_condition = [bc_x,bc_y,bc_z,bc_t], 1:periodic,0:Dirichlet,-1:antiperiodic
  boundary_condition      : [1,1,1,-1]
  coefficient_b           : 1.5
  coefficient_c           : 0.5
  ## verbose_level = {Crucial,General,Detailed,Paranoiac}
  verbose_level           : General

Fopr_Nf1_Rational_MD:
  number_of_poles               : 16
  exponent_numerator            : -1
  exponent_denominator          :  2
  lower_bound                   : 1.0e-2
  upper_bound                   : 3.16227766
  maximum_number_of_iteration   : 1000
  convergence_criterion_squared : 1.e-26
  ## verbose_level = {Crucial,General,Detailed,Paranoiac}
  verbose_level                 : General


Fopr_Nf1_Rational_calcH:
  number_of_poles               : 24
  exponent_numerator            : -1
  exponent_denominator          :  2
  lower_bound                   : 1.0e-2
  upper_bound                   : 3.16227766
  maximum_number_of_iteration   : 1000
  convergence_criterion_squared : 1.e-28
  ## verbose_level = {Crucial,General,Detailed,Paranoiac}
  verbose_level                 : General

Fopr_Nf1_PauliVillars_Rational_MD:
  number_of_poles               : 16
  exponent_numerator            :  1
  exponent_denominator          :  4
  lower_bound                   : 1.0e-2
  upper_bound                   : 3.16227766
  maximum_number_of_iteration   : 1000
  convergence_criterion_squared : 1.e-26
  ## verbose_level = {Crucial,General,Detailed,Paranoiac}
  verbose_level                 : General


Fopr_Nf1_PauliVillars_Rational_calcH:
  number_of_poles               : 24
  exponent_numerator            :  1
  exponent_denominator          :  4
  lower_bound                   : 1.0e-2
  upper_bound                   : 3.16227766
  maximum_number_of_iteration   : 1000
  convergence_criterion_squared : 1.e-28
  ## verbose_level = {Crucial,General,Detailed,Paranoiac}
  verbose_level                 : General

Solver_MD:
  ## solver_type = {CG,CGNE,CGNR,BiCGStab_Cmplx,BiCGStab_L_Cmplx,BiCGStab_DS_L_Cmplx,BiCGStab_IDS_L_Cmplx,GMRES_m_Cmplx}
  #solver_type                         : BiCGStab_Cmplx
  solver_type                         : CG
  maximum_number_of_iteration         : 100
  maximum_number_of_restart           : 40
  convergence_criterion_squared       : 1.0e-28
  ## use_initial_guess = {true,false} or {yes,no}
  use_initial_guess                   : false
  ## additional parameters for BiCGStab series
  Omega_tolerance                     : 0.60
  ## additional parameters for each solver
  number_of_orthonormal_vectors       : 2
  tolerance_for_DynamicSelection_of_L : 0.1
  ## verbose_level = {Crucial,General,Detailed,Paranoiac}
  verbose_level                       : General

Solver_H:
  ## solver_type = {CG,CGNE,CGNR,BiCGStab_Cmplx,BiCGStab_L_Cmplx,BiCGStab_DS_L_Cmplx,BiCGStab_IDS_L_Cmplx,GMRES_m_Cmplx}
  #solver_type                         : BiCGStab_Cmplx
  solver_type                         : CG
  maximum_number_of_iteration         : 100
  maximum_number_of_restart           : 40
  convergence_criterion_squared       : 1.0e-28
  ## use_initial_guess = {true,false} or {yes,no}
  use_initial_guess                   : false
  ## additional parameters for BiCGStab series
  Omega_tolerance                     : 0.60
  ## additional parameters for each solver
  number_of_orthonormal_vectors       : 2
  tolerance_for_DynamicSelection_of_L : 0.1
  ## verbose_level = {Crucial,General,Detailed,Paranoiac}
  verbose_level                       : General

Builder_Integrator:
  ## integrator = {Leapfrog,Omelyan}
  integrator        : Omelyan
  number_of_levels  : 3
  ## level_of_actions = [level_of_action0,level_of_action1,...], level_of_action < number_of_levels
  level_of_actions  : [0,0,1,2]
  ## number_of_steps = [Nstep(level0),Nstep(level1),...]
  number_of_steps   : [2,1,3]
  order_of_exp_iP   : 8
  lambda_Omelyan    : 0.1931833275
  ## verbose_level = {Crucial,General,Detailed,Paranoiac}
  verbose_level     : General
---------printing HMC_DWF_Nf2p1_eo.yaml ------
Currently Loaded Modulefiles:
 1) lang/tcsds-1.2.37(default)  
